<?xml version="1.0" encoding="utf-8" standalone="no"?>
<!--This file represents the results of running a test suite-->
<test-results name="C:\Users\kingGreed\Lib\Maven\SkyLands\target\test-assemblies\SkyLands-test.dll" total="1" errors="0" failures="0" not-run="0" inconclusive="0" ignored="0" skipped="0" invalid="0" date="2013-04-10" time="23:02:19">
  <environment nunit-version="2.6.2.12296" clr-version="2.0.50727.5466" os-version="Microsoft Windows NT 6.1.7601 Service Pack 1" platform="Win32NT" cwd="C:\Users\kingGreed\Lib\Maven\SkyLands" machine-name="KINGGREED-PC" user="kingGreed" user-domain="kingGreed-PC" />
  <culture-info current-culture="fr-FR" current-uiculture="fr-FR" />
  <test-suite type="Assembly" name="C:\Users\kingGreed\Lib\Maven\SkyLands\target\test-assemblies\SkyLands-test.dll" executed="True" result="Success" success="True" time="0.132" asserts="0">
    <results>
      <test-suite type="Namespace" name="Sample" executed="True" result="Success" success="True" time="0.084" asserts="0">
        <results>
          <test-suite type="TestFixture" name="MyAppTest" executed="True" result="Success" success="True" time="0.081" asserts="0">
            <results>
              <test-case name="Sample.MyAppTest.TestSample" executed="True" result="Success" success="True" time="0.050" asserts="0" />
            </results>
          </test-suite>
        </results>
      </test-suite>
    </results>
  </test-suite>
</test-results>